2024-01-06 16:27:32,682 - ERROR - Logged in broo consuer
2024-01-06 16:28:43,216 - ERROR - Logged in broo consuer
2024-01-06 16:29:51,859 - ERROR - Logged in broo consuer
2024-01-06 16:31:15,035 - ERROR - Logged in broo consuer
2024-01-06 17:02:16,945 - ERROR - Logged in broo consuer yesyesyes
2024-01-06 17:02:19,985 - ERROR - Received message at Sat Jan  6 17:02:19 2024
2024-01-06 17:03:50,578 - ERROR - Logged in broo consuer yesyesyes
2024-01-06 17:03:50,579 - INFO - Started GoogleSheetIntegration Listener at Sat Jan  6 17:03:50 2024
2024-01-06 17:03:53,612 - ERROR - Received message at Sat Jan  6 17:03:53 2024
2024-01-06 17:05:44,640 - INFO - Records saved to Google Sheets
2024-01-06 17:05:48,304 - INFO - Started GoogleSheetIntegration Listener at Sat Jan  6 17:05:48 2024
2024-01-06 17:05:53,149 - INFO - Received message at Sat Jan  6 17:05:53 2024
2024-01-06 17:06:07,976 - INFO - Received message at Sat Jan  6 17:06:07 2024
2024-01-06 17:06:24,364 - INFO - Received message at Sat Jan  6 17:06:24 2024
2024-01-06 17:06:25,968 - INFO - Received message at Sat Jan  6 17:06:25 2024
2024-01-06 17:06:27,915 - INFO - Received message at Sat Jan  6 17:06:27 2024
2024-01-06 17:06:36,142 - INFO - Received message at Sat Jan  6 17:06:36 2024
2024-01-06 17:06:39,959 - INFO - Received message at Sat Jan  6 17:06:39 2024
2024-01-06 17:06:41,865 - INFO - Received message at Sat Jan  6 17:06:41 2024
2024-01-06 17:06:43,678 - INFO - Received message at Sat Jan  6 17:06:43 2024
2024-01-06 17:06:45,495 - INFO - Received message at Sat Jan  6 17:06:45 2024
2024-01-06 17:06:46,288 - INFO - Records saved to Google Sheets: {'spreadsheetId': '1OODNvYJHRSup3LajyrtWli88luIpZShvFQesCrqSSB0', 'tableRange': "'form-inputs'!A1:D58", 'updates': {'spreadsheetId': '1OODNvYJHRSup3LajyrtWli88luIpZShvFQesCrqSSB0', 'updatedRange': "'form-inputs'!A59:D68", 'updatedRows': 10, 'updatedColumns': 4, 'updatedCells': 40}}
2024-01-06 17:06:47,159 - INFO - Received message at Sat Jan  6 17:06:47 2024
2024-01-06 17:07:15,851 - INFO - Records saved to Google Sheets: {'spreadsheetId': '1OODNvYJHRSup3LajyrtWli88luIpZShvFQesCrqSSB0', 'tableRange': "'form-inputs'!A1:D68", 'updates': {'spreadsheetId': '1OODNvYJHRSup3LajyrtWli88luIpZShvFQesCrqSSB0', 'updatedRange': "'form-inputs'!A69:D69", 'updatedRows': 1, 'updatedColumns': 4, 'updatedCells': 4}}
2024-01-06 17:32:35,386 - INFO - Started GoogleSheetIntegration Listener at Sat Jan  6 17:32:35 2024
2024-01-06 17:32:38,673 - INFO - Received message at Sat Jan  6 17:32:38 2024
2024-01-06 17:32:40,518 - INFO - Received message at Sat Jan  6 17:32:40 2024
2024-01-06 17:32:42,239 - INFO - Received message at Sat Jan  6 17:32:42 2024
2024-01-06 17:32:44,152 - INFO - Received message at Sat Jan  6 17:32:44 2024
2024-01-06 17:32:45,894 - INFO - Received message at Sat Jan  6 17:32:45 2024
2024-01-06 17:32:47,733 - INFO - Received message at Sat Jan  6 17:32:47 2024
2024-01-06 17:32:49,744 - INFO - Received message at Sat Jan  6 17:32:49 2024
2024-01-06 17:32:51,706 - INFO - Received message at Sat Jan  6 17:32:51 2024
2024-01-06 17:32:53,268 - INFO - Received message at Sat Jan  6 17:32:53 2024
2024-01-06 17:32:54,935 - INFO - Received message at Sat Jan  6 17:32:54 2024
2024-01-06 17:32:55,930 - INFO - Records saved to Google Sheets: {'spreadsheetId': '1OODNvYJHRSup3LajyrtWli88luIpZShvFQesCrqSSB0', 'tableRange': "'form-inputs'!A1:D69", 'updates': {'spreadsheetId': '1OODNvYJHRSup3LajyrtWli88luIpZShvFQesCrqSSB0', 'updatedRange': "'form-inputs'!A70:D79", 'updatedRows': 10, 'updatedColumns': 4, 'updatedCells': 40}}
2024-01-06 17:32:56,614 - INFO - Received message at Sat Jan  6 17:32:56 2024
