INFO:django.utils.autoreload:/app/BusinessValidation/views.py changed, reloading.
INFO:django.utils.autoreload:/app/BusinessValidation/views.py changed, reloading.
INFO:django.utils.autoreload:/app/GoogleSheetIntegration/models.py changed, reloading.
INFO:django.utils.autoreload:/app/DataPlatform/urls.py changed, reloading.
INFO:django.utils.autoreload:/app/GoogleSheetIntegration/admin.py changed, reloading.
INFO:django.utils.autoreload:/app/GoogleSheetIntegration/models.py changed, reloading.
INFO:django.utils.autoreload:/app/GoogleSheetIntegration/views.py changed, reloading.
INFO:django.utils.autoreload:/app/GoogleSheetIntegration/views.py changed, reloading.
INFO:django.utils.autoreload:/app/DataPlatform/urls.py changed, reloading.
WARNING:django.request:Not Found: /favicon.ico
WARNING:django.request:Not Found: /googlesheetintegration/produce/
INFO:django.utils.autoreload:/app/GoogleSheetIntegration/views.py changed, reloading.
INFO:django.utils.autoreload:/app/GoogleSheetIntegration/views.py changed, reloading.
INFO:django.utils.autoreload:/app/GoogleSheetIntegration/views.py changed, reloading.
INFO:django.utils.autoreload:/app/GoogleSheetIntegration/views.py changed, reloading.
ERROR:root:Hello
ERROR:root:Hello
INFO:django.utils.autoreload:/app/GoogleSheetIntegration/views.py changed, reloading.
INFO:django.utils.autoreload:/app/GoogleSheetIntegration/views.py changed, reloading.
ERROR:GoogleSheetIntegration.views:Hello
INFO:django.utils.autoreload:/app/GoogleSheetIntegration/views.py changed, reloading.
INFO:django.utils.autoreload:/app/GoogleSheetIntegration/views.py changed, reloading.
ERROR:root:[Sat Jan  6 16:31:18 2024] Error: error() missing 1 required positional argument: 'msg'
WARNING:django.request:Bad Request: /googlesheetsintegration/produce/
ERROR:root:[Sat Jan  6 16:32:29 2024] Error: error() missing 1 required positional argument: 'msg'
WARNING:django.request:Bad Request: /googlesheetsintegration/produce/
ERROR:root:[Sat Jan  6 16:32:33 2024] Error: error() missing 1 required positional argument: 'msg'
WARNING:django.request:Bad Request: /googlesheetsintegration/produce/
ERROR:root:[Sat Jan  6 16:33:29 2024] Error: error() missing 1 required positional argument: 'msg'
WARNING:django.request:Bad Request: /googlesheetsintegration/produce/
INFO:django.utils.autoreload:/app/GoogleSheetIntegration/views.py changed, reloading.
INFO:django.utils.autoreload:/app/BusinessValidation/views.py changed, reloading.
INFO:django.utils.autoreload:/app/BusinessValidation/views.py changed, reloading.
INFO:django.utils.autoreload:/app/GoogleSheetIntegration/views.py changed, reloading.
INFO:django.utils.autoreload:/app/GoogleSheetIntegration/views.py changed, reloading.
INFO:django.utils.autoreload:/app/BusinessValidation/views.py changed, reloading.
INFO:django.utils.autoreload:/app/GoogleSheetIntegration/views.py changed, reloading.
INFO:GoogleSheetIntegration.views:hello
INFO:django.utils.autoreload:/app/BusinessValidation/views.py changed, reloading.
INFO:django.utils.autoreload:/app/GoogleSheetIntegration/views.py changed, reloading.
INFO:GoogleSheetIntegration.views:hello
INFO:BusinessValidation.views:hello
INFO:django.utils.autoreload:/app/BusinessValidation/views.py changed, reloading.
INFO:django.utils.autoreload:/app/GoogleSheetIntegration/views.py changed, reloading.
INFO:django.utils.autoreload:/app/DataPlatform/settings.py changed, reloading.
INFO:django.utils.autoreload:/app/DataPlatform/settings.py changed, reloading.
