INFO:BusinessValidation.consumer:Started BusinessRule Listener
INFO:BusinessValidation.consumer:Received message
INFO:BusinessValidation.consumer:Records saved!
INFO:BusinessValidation.consumer:Started BusinessRule Listener at Sat Jan  6 12:24:07 2024
INFO:BusinessValidation.consumer:Received message at Sat Jan  6 12:24:11 2024
INFO:BusinessValidation.consumer:Received message at Sat Jan  6 12:24:13 2024
INFO:BusinessValidation.consumer:Received message at Sat Jan  6 12:24:14 2024
INFO:BusinessValidation.consumer:Records saved!
INFO:BusinessValidation.consumer:Started BusinessRule Listener at Sat Jan  6 12:26:44 2024
INFO:BusinessValidation.consumer:Started BusinessRule Listener at Sat Jan  6 12:27:19 2024
INFO:BusinessValidation.consumer:Received message at Sat Jan  6 12:27:24 2024
INFO:BusinessValidation.consumer:Received message at Sat Jan  6 12:27:25 2024
INFO:BusinessValidation.consumer:Received message at Sat Jan  6 12:27:27 2024
INFO:BusinessValidation.consumer:Records saved!
INFO:BusinessValidation.consumer:Started BusinessRule Listener at Sat Jan  6 12:28:16 2024
INFO:BusinessValidation.consumer:Received message at Sat Jan  6 12:28:20 2024
INFO:BusinessValidation.consumer:Received message at Sat Jan  6 12:28:23 2024
INFO:BusinessValidation.consumer:Records saved!
INFO:BusinessValidation.consumer:Started BusinessRule Listener at Sat Jan  6 12:29:37 2024
INFO:BusinessValidation.consumer:Received message at Sat Jan  6 12:29:42 2024
WARNING:BusinessValidation.consumer:Flag raised! Salary below threshold.
INFO:BusinessValidation.consumer:Received message at Sat Jan  6 12:29:48 2024
WARNING:BusinessValidation.consumer:Flag raised! Salary below threshold.
INFO:BusinessValidation.consumer:Started BusinessRule Listener at Sat Jan  6 15:30:51 2024
INFO:BusinessValidation.consumer:Received message at Sat Jan  6 15:31:42 2024
WARNING:BusinessValidation.consumer:Flag raised! Salary below threshold.
INFO:BusinessValidation.consumer:Received message at Sat Jan  6 15:31:58 2024
WARNING:BusinessValidation.consumer:Flag raised! Salary below threshold.
INFO:BusinessValidation.consumer:Received message at Sat Jan  6 15:32:00 2024
WARNING:BusinessValidation.consumer:Flag raised! Salary below threshold.
INFO:BusinessValidation.consumer:Received message at Sat Jan  6 15:32:02 2024
WARNING:BusinessValidation.consumer:Flag raised! Salary below threshold.
INFO:BusinessValidation.consumer:Received message at Sat Jan  6 15:32:03 2024
WARNING:BusinessValidation.consumer:Flag raised! Salary below threshold.
INFO:BusinessValidation.consumer:Received message at Sat Jan  6 15:32:04 2024
WARNING:BusinessValidation.consumer:Flag raised! Salary below threshold.
INFO:BusinessValidation.consumer:Received message at Sat Jan  6 15:32:05 2024
WARNING:BusinessValidation.consumer:Flag raised! Salary below threshold.
INFO:BusinessValidation.consumer:Received message at Sat Jan  6 15:32:06 2024
WARNING:BusinessValidation.consumer:Flag raised! Salary below threshold.
INFO:BusinessValidation.consumer:Received message at Sat Jan  6 15:32:07 2024
WARNING:BusinessValidation.consumer:Flag raised! Salary below threshold.
INFO:BusinessValidation.consumer:Received message at Sat Jan  6 15:32:08 2024
WARNING:BusinessValidation.consumer:Flag raised! Salary below threshold.
INFO:BusinessValidation.consumer:Received message at Sat Jan  6 15:32:09 2024
WARNING:BusinessValidation.consumer:Flag raised! Salary below threshold.
INFO:BusinessValidation.consumer:Received message at Sat Jan  6 15:32:10 2024
WARNING:BusinessValidation.consumer:Flag raised! Salary below threshold.
INFO:BusinessValidation.consumer:Received message at Sat Jan  6 15:32:11 2024
WARNING:BusinessValidation.consumer:Flag raised! Salary below threshold.
INFO:BusinessValidation.consumer:Received message at Sat Jan  6 15:32:12 2024
WARNING:BusinessValidation.consumer:Flag raised! Salary below threshold.
INFO:BusinessValidation.consumer:Received message at Sat Jan  6 15:32:13 2024
WARNING:BusinessValidation.consumer:Flag raised! Salary below threshold.
INFO:BusinessValidation.consumer:Received message at Sat Jan  6 15:32:14 2024
WARNING:BusinessValidation.consumer:Flag raised! Salary below threshold.
INFO:BusinessValidation.consumer:Received message at Sat Jan  6 15:32:15 2024
WARNING:BusinessValidation.consumer:Flag raised! Salary below threshold.
INFO:BusinessValidation.consumer:Received message at Sat Jan  6 15:32:16 2024
WARNING:BusinessValidation.consumer:Flag raised! Salary below threshold.
INFO:BusinessValidation.consumer:Received message at Sat Jan  6 15:32:17 2024
WARNING:BusinessValidation.consumer:Flag raised! Salary below threshold.
INFO:BusinessValidation.consumer:Received message at Sat Jan  6 15:32:19 2024
WARNING:BusinessValidation.consumer:Flag raised! Salary below threshold.
INFO:BusinessValidation.consumer:Started BusinessRule Listener at Sat Jan  6 17:07:23 2024
INFO:BusinessValidation.consumer:Received message at Sat Jan  6 17:07:26 2024
ERROR:BusinessValidation.consumer:Error processing message: '<' not supported between instances of 'NoneType' and 'int'
INFO:BusinessValidation.consumer:Received message at Sat Jan  6 17:07:33 2024
WARNING:BusinessValidation.consumer:Flag raised! Salary below threshold.
INFO:BusinessValidation.consumer:Received message at Sat Jan  6 17:07:55 2024
INFO:BusinessValidation.consumer:Received message at Sat Jan  6 17:07:57 2024
INFO:BusinessValidation.consumer:Received message at Sat Jan  6 17:08:00 2024
INFO:BusinessValidation.consumer:Received message at Sat Jan  6 17:08:01 2024
INFO:BusinessValidation.consumer:Received message at Sat Jan  6 17:08:02 2024
INFO:BusinessValidation.consumer:Received message at Sat Jan  6 17:08:03 2024
INFO:BusinessValidation.consumer:Received message at Sat Jan  6 17:08:04 2024
INFO:BusinessValidation.consumer:Received message at Sat Jan  6 17:08:05 2024
INFO:BusinessValidation.consumer:Received message at Sat Jan  6 17:08:06 2024
INFO:BusinessValidation.consumer:Received message at Sat Jan  6 17:08:08 2024
INFO:BusinessValidation.consumer:Records saved!
INFO:BusinessValidation.consumer:Received message at Sat Jan  6 17:08:09 2024
INFO:BusinessValidation.consumer:Received message at Sat Jan  6 17:08:10 2024
INFO:BusinessValidation.consumer:Received message at Sat Jan  6 17:08:11 2024
INFO:BusinessValidation.consumer:Received message at Sat Jan  6 17:08:12 2024
INFO:BusinessValidation.consumer:Received message at Sat Jan  6 17:08:13 2024
INFO:BusinessValidation.consumer:Records saved!
INFO:BusinessValidation.consumer:Started BusinessRule Listener at Sat Jan  6 17:17:26 2024
INFO:BusinessValidation.consumer:Received message at Sat Jan  6 17:17:29 2024
INFO:BusinessValidation.consumer:Records saved!
